<?xml version="1.0" encoding="UTF-8"?>
<testng-results ignored="0" total="1" passed="1" failed="0" skipped="0">
  <reporter-output>
  </reporter-output>
  <suite started-at="2024-09-28T19:02:41 IST" name="Default suite" finished-at="2024-09-28T19:03:42 IST" duration-ms="60767">
    <groups>
    </groups>
    <test started-at="2024-09-28T19:02:41 IST" name="Default test" finished-at="2024-09-28T19:03:42 IST" duration-ms="60767">
      <class name="Appium.FrameWork.E2E_eCommerce_TC">
        <test-method is-config="true" signature="ConfigureAppiumServer()[pri:0, instance:Appium.FrameWork.E2E_eCommerce_TC@26794848]" started-at="2024-09-28T19:02:41 IST" name="ConfigureAppiumServer" finished-at="2024-09-28T19:02:56 IST" duration-ms="14457" status="PASS">
          <reporter-output>
          </reporter-output>
        </test-method> <!-- ConfigureAppiumServer -->
        <test-method signature="fillFormDetails()[pri:0, instance:Appium.FrameWork.E2E_eCommerce_TC@26794848]" started-at="2024-09-28T19:02:56 IST" name="fillFormDetails" finished-at="2024-09-28T19:03:42 IST" duration-ms="46254" status="PASS">
          <reporter-output>
          </reporter-output>
        </test-method> <!-- fillFormDetails -->
      </class> <!-- Appium.FrameWork.E2E_eCommerce_TC -->
    </test> <!-- Default test -->
  </suite> <!-- Default suite -->
</testng-results>
